[11:37 16/04/2026] `index.html` - Initial premium landing page creation
[11:37 16/04/2026] `style.css` - Initial premium styling with gradients and glassmorphism
[11:37 16/04/2026] `README.md` - Initial project documentation setup
[11:39 16/04/2026] `css/style.css` - Moved style.css to css directory
[11:43 16/04/2026] `docs/items.md` - Created comprehensive topics list
[12:04 16/04/2026] `docs/items.md` - Restructured to Fact-Based Research Wiki format
[12:04 16/04/2026] `index.html` - Redesigned to Research Dashboard/Intel UI
[12:05 16/04/2026] `css/style.css` - Redesigned styling for Dashboard UI
[12:07 16/04/2026] `docs/items.md` - Added Enshittification and Rent-Seeking Economy section
[12:16 16/04/2026] `docs/main-workflow.md` - Created from workflow.md with bulk processing focus
[12:16 16/04/2026] `docs/single-item-workflow.md` - Created for individual dossier management
[13:33 16/04/2026] `docs/logging-protocol.md` - Created official logging instructions for AI agents
[13:34 16/04/2026] `LOG/changelog.log` - Initialized log file with project history
[13:37 16/04/2026] `docs/logging-protocol.md` - Updated format with dash and backticks
[13:37 16/04/2026] `docs/main-workflow.md` - Removed status metadata
[13:37 16/04/2026] `docs/single-item-workflow.md` - Removed status metadata
[13:40 16/04/2026] `LOG/changelog.log` - Updated log to new format and corrected path to LOG/
[14:40 16/04/2026] `index.html` - Redesigned with Wikipedia-style structure and content
[14:40 16/04/2026] `css/style.css` - Implemented Wikipedia aesthetic styling with documentation
[15:00 16/04/2026] `index.html` - Rebranded site as "The Great Awakening" using Wikipedia design language
[15:00 16/04/2026] `css/style.css` - Added custom logo styling and rebranded header elements
[15:15 16/04/2026] `index.html` - Migrated from Wikipedia-article layout to modern home page dashboard
[15:15 16/04/2026] `css/style.css` - Refactored for header-based navigation and grid layout
[15:20 16/04/2026] `index.html` - Translated all content to English and updated lang tag
[15:23 16/04/2026] `pages/agenda-2030.html` - Created initial research dossier for Agenda 2030
[15:33 16/04/2026] `js/search.js` - Created real-time search functionality for dossier cards
[15:33 16/04/2026] `index.html` - Integrated search bar and linked search script
[15:33 16/04/2026] `css/style.css` - Added search section styling and utility classes
[15:37 16/04/2026] `pages/dossiers/agenda-2030.html` - Relocated dossier and updated relative paths
[15:37 16/04/2026] `pages/dossiers.html` - Created database overview with relocated statistics
[15:38 16/04/2026] `index.html` - Removed statistics bar and updated navigation/card links
[15:38 16/04/2026] `docs/single-item-workflow.md` - Updated dossier path definitions to /pages/dossiers/
[15:38 16/04/2026] `docs/main-workflow.md` - Updated dossier path definitions to /pages/dossiers/
[15:50 16/04/2026] `pages/dossiers.html` - Added alphabetical legend list with search functionality
[15:50 16/04/2026] `js/legend-search.js` - Created filtering logic for the dossier legend list
[15:55 16/04/2026] `docs/items.md` - Massively expanded research subjects to 150+ monitored topics
[15:55 16/04/2026] `index.html` - Populated home page with 20+ critical dossier cards and updated global stats
[15:56 16/04/2026] `pages/dossiers.html` - Expanded alphabetical legend to include 38 searchable topics
[15:56 16/04/2026] `pages/dossiers/epstein-files.html` - Created comprehensive dossier on the Epstein network
[15:59 16/04/2026] `pages/dossiers/the-great-reset.html` - Populated with researched WEF Great Reset data and pillars.
[15:59 16/04/2026] `pages/dossiers/event-201.html` - Populated with Event 201 exercise details and recommendations.
[16:00 16/04/2026] `pages/dossiers/club-of-rome.html` - Created and populated with researched Club of Rome history and key quotes.
[16:01 16/04/2026] `index.html` - Removed the statistics bar (Verified Dossiers, Active Investigations, Categorized Sources) from the dashboard.
[16:03 16/04/2026] `css/style.css` - Added .dossier-list and .dossier-item styles for a vertical list layout.
[16:03 16/04/2026] `index.html` - Removed main heading and converted dossier grid to a simplified vertical list.
[16:03 16/04/2026] `js/search.js` - Updated search logic to handle the new list-based DOM structure.
[16:14 16/04/2026] `index.html` - Restructured to SPA shell with persistent header and dynamic content loading via hash-routing.
[16:14 16/04/2026] `js/router.js` - Created hash-based router for static fragments and dynamic dossier extraction.
[16:14 16/04/2026] `pages/fragments/` - Created HTML fragments for Home, Dossiers, About, and Contact views.
[16:14 16/04/2026] `js/search.js` - Refactored to support manual re-initialization during SPA view transitions.
[20:21 16/04/2026] `.agents/rules/logging-protocol.md` - Improved clarity on exclusion of git operations and scope of logging
[20:24 16/04/2026] `index.html` - Implemented categorized Mega Menu and premium branding header
[20:24 16/04/2026] `css/style.css` - Added glassmorphism header and Mega Menu styling with smooth transitions
[20:26 16/04/2026] `css/style.css` - Set z-index of Mega Menu to 10000 to prioritize it over all other UI layers.
[21:18 16/04/2026] `css/style.css` - Restored the `:root` opening bracket to fix undefined CSS variables and the see-through background issue.
[21:19 16/04/2026] `css/style.css` - Compacted header to 40px and made the Mega Menu background solid white.
[21:30 16/04/2026] `css/style.css` - Removed all comments mentioning "translate" and verified zero usage of translate properties.
[21:35 16/04/2026] `css/style.css` - Added unified Dossier and Fragment Design System to centralize all project styling
[21:35 16/04/2026] `index.html` - Migrated "View All Dossiers" link to centralized CSS and removed inline styles
[21:36 16/04/2026] `pages/fragments/about.html` - Purged inline styles and migrated to centralized layout classes
[21:36 16/04/2026] `pages/fragments/contact.html` - Purged inline styles and migrated to centralized layout classes
[21:38 16/04/2026] `pages/fragments/dossier-view.html` - Purged inline styles and migrated to centralized layout classes
[21:38 16/04/2026] `pages/fragments/dossiers.html` - Purged inline styles and migrated to centralized layout classes
[21:38 16/04/2026] `pages/dossiers/the-great-reset.html` - Purged internal styles and migrated to centralized layout classes
[21:38 16/04/2026] `pages/dossiers/agenda-2030.html` - Purged internal styles and migrated to centralized layout classes
[21:40 16/04/2026] `css/style.css` - Added .dossier-quote class to the central stylesheet
[21:40 16/04/2026] `pages/dossiers/club-of-rome.html` - Purged internal styles and migrated to centralized layout classes
[21:40 16/04/2026] `pages/dossiers/event-201.html` - Purged internal styles and migrated to centralized layout classes
[21:44 16/04/2026] `css/style.css` - Removed padding-left shift from Mega Menu hover states to ensure zero text displacement
[21:46 16/04/2026] `css/style.css` - Refactored header link underlines to expand from center outward
[21:48 16/04/2026] `css/style.css` - Set navigation hover colors to black (var(--text-main)) to preserve blue for active selections